time="2025-02-27T16:30:33+08:00" level=info msg="已成功连接8081端口！"
time="2025-02-27T16:30:55+08:00" level=fatal msg="监听失败！其原因是:listen tcp :8081: bind: Only one usage of each socket address (protocol/network address/port) is normally permitted."
time="2025-02-27T16:33:11+08:00" level=info msg="已成功连接8082端口！"
time="2025-02-27T16:33:29+08:00" level=info msg="欢迎a加入了聊天室。"
time="2025-02-27T16:33:30+08:00" level=info msg="a: ads"
time="2025-02-27T16:33:30+08:00" level=info msg="a: d"
time="2025-02-27T16:33:30+08:00" level=info msg="a: asd"
time="2025-02-27T16:33:31+08:00" level=info msg="a: asd"
time="2025-02-27T16:33:32+08:00" level=info msg="a: a"
time="2025-02-27T16:33:32+08:00" level=info msg="a: sd"
time="2025-02-27T16:33:32+08:00" level=info msg="a: as"
time="2025-02-27T16:33:32+08:00" level=info msg="a: d"
time="2025-02-27T16:33:32+08:00" level=info msg="a: as"
time="2025-02-27T16:33:33+08:00" level=info msg="a: d"
time="2025-02-27T16:33:33+08:00" level=info msg="a: asd"
time="2025-02-27T16:33:33+08:00" level=info msg="a: a"
time="2025-02-27T16:33:33+08:00" level=info msg="a: da"
time="2025-02-27T16:33:33+08:00" level=info msg="a: d"
time="2025-02-27T16:33:34+08:00" level=info msg="a: as"
time="2025-02-27T16:33:34+08:00" level=info msg="a: da"
time="2025-02-27T16:33:34+08:00" level=info msg="a: s"
time="2025-02-27T16:33:34+08:00" level=info msg="a: dsa"
time="2025-02-27T16:33:35+08:00" level=info msg="a: d"
time="2025-02-27T16:33:48+08:00" level=info msg="欢迎加入了聊天室。"
time="2025-02-27T16:33:59+08:00" level=warning msg="读取的信息失败！其原因是: read tcp 127.0.0.1:8082->127.0.0.1:63426: wsarecv: An existing connection was forcibly closed by the remote host."
time="2025-02-27T16:33:59+08:00" level=info msg="离开了聊天室。"
time="2025-02-27T16:34:03+08:00" level=warning msg="读取a的信息失败！其原因是: read tcp 127.0.0.1:8082->127.0.0.1:63405: wsarecv: An existing connection was forcibly closed by the remote host."
time="2025-02-27T16:34:03+08:00" level=info msg="a离开了聊天室。"
time="2025-02-27T16:36:37+08:00" level=info msg="已成功连接8082端口！"
time="2025-02-27T16:36:55+08:00" level=info msg="欢迎a加入了聊天室。"
time="2025-02-27T16:36:56+08:00" level=info msg="a: asd"
time="2025-02-27T16:36:56+08:00" level=info msg="a: asd"
time="2025-02-27T16:36:57+08:00" level=info msg="a: as"
time="2025-02-27T16:36:57+08:00" level=info msg="a: d"
time="2025-02-27T16:36:57+08:00" level=info msg="a: as"
time="2025-02-27T16:36:57+08:00" level=info msg="a: d"
time="2025-02-27T16:36:57+08:00" level=info msg="a: as"
time="2025-02-27T16:36:58+08:00" level=info msg="a: d"
time="2025-02-27T16:36:58+08:00" level=info msg="a: asd"
time="2025-02-27T16:36:59+08:00" level=info msg="a: asd"
time="2025-02-27T16:37:17+08:00" level=info msg="欢迎b加入了聊天室。"
time="2025-02-27T16:37:17+08:00" level=info msg="b: da"
time="2025-02-27T16:37:18+08:00" level=info msg="b: sd"
time="2025-02-27T16:37:18+08:00" level=info msg="b: as"
time="2025-02-27T16:37:18+08:00" level=info msg="b: d"
time="2025-02-27T16:37:18+08:00" level=info msg="b: as"
time="2025-02-27T16:37:19+08:00" level=info msg="b: d"
time="2025-02-27T16:37:19+08:00" level=info msg="b: as"
time="2025-02-27T16:37:19+08:00" level=info msg="b: d"
time="2025-02-27T16:37:19+08:00" level=info msg="b: asd"
time="2025-02-27T16:37:19+08:00" level=info msg="b: as"
time="2025-02-27T16:37:20+08:00" level=info msg="b: d"
time="2025-02-27T16:37:20+08:00" level=info msg="b: as"
time="2025-02-27T16:37:20+08:00" level=info msg="b: da"
time="2025-02-27T16:37:20+08:00" level=info msg="b: sd"
time="2025-02-27T16:37:21+08:00" level=info msg="b: a"
time="2025-02-27T16:37:23+08:00" level=warning msg="读取b的信息失败！其原因是: read tcp 127.0.0.1:8082->127.0.0.1:63638: wsarecv: An existing connection was forcibly closed by the remote host."
time="2025-02-27T16:37:23+08:00" level=info msg="b离开了聊天室。"
